Expected parameters: Input, K, iterations
Expected parameters: Input, K, iterations
Expected parameters: Input, K, iterations
Expected parameters: Input, K, iterations
Expected parameters: Input, K, iterations
Expected parameters: Input, K, iterations
Expected parameters: Input, K, iterations
Expected parameters: Input, K, iterations
Expected parameters: Input, K, iterations
Expected parameters: Input, K, iterations
Expected parameters: Input, K, iterations
Expected parameters: Input, K, iterations
Expected parameters: Input, K, iterations
Expected parameters: Input, K, iterations
Expected parameters: Input, K, iterations
Expected parameters: Input, K, iterations
Expected parameters: Input, K, iterations
Expected parameters: Input, K, iterations
Expected parameters: Input, K, iterations
Expected parameters: Input, K, iterations
Expected parameters: Input, K, iterations
Expected parameters: Input, K, iterations
Expected parameters: Input, K, iterations
Expected parameters: Input, K, iterations
Expected parameters: Input, K, iterations
Expected parameters: Input, K, iterations
Expected parameters: Input, K, iterations
[STEP 0/2] CSVs to Sequence File
[STEP 1/2] K-Means
[STEP 2/2] Clusterdump
[RESULT ]
:VL-171{n=1001 c=[-6552983111581831200.000, -3151617295539171800.000] r=[1797428705886309630.000, 180
	Weight : [props - optional]:  Point:
	

Inter-Cluster Density: NaN
Intra-Cluster Density: 0.5034306595786878
CDbw Inter-Cluster Density: NaN
CDbw Intra-Cluster Density: 3.5686494230942266E-19
CDbw Separation: NaN
[STEP 0/2] CSVs to Sequence File
[STEP 1/2] K-Means
[STEP 2/2] Clusterdump
[RESULT ]
:VL-184{n=472 c=[5361588289000668200.000, -4177213077399927300.000] r=[2710997700757173200.000, 29273
	Weight : [props - optional]:  Point:
	
:VL-178{n=528 c=[-8332302752826399700.000, 1991564189878023170.000] r=[3408219971027033100.000, 33849
	Weight : [props - optional]:  Point:
	

Inter-Cluster Density: NaN
Intra-Cluster Density: 0.5624376609497834
CDbw Inter-Cluster Density: 7.362254819321319E-22
[STEP 0/2] CSVs to Sequence File
[STEP 1/2] K-Means
[STEP 2/2] Clusterdump
[RESULT ]
:VL-791{n=379 c=[8099562903231991800.000, -1295099914880947460.000] r=[1777589639097239040.000, 20748
	Weight : [props - optional]:  Point:
	
:VL-466{n=344 c=[-3310395753061343200.000, 7585720440687651800.000] r=[1806948296227781120.000, 15360
	Weight : [props - optional]:  Point:
	
:VL-946{n=279 c=[3983075685273629700.000, 4894620053120972800.000] r=[1373688944729324030.000, 142891
	Weight : [props - optional]:  Point:
	

[STEP 0/2] CSVs to Sequence File
[STEP 1/2] K-Means
[STEP 2/2] Clusterdump
[RESULT ]
:VL-1095{n=2001 c=[-8002061714349009900.000, 2560854462420886500.000] r=[1884570578022080510.000, 187
	Weight : [props - optional]:  Point:
	

Inter-Cluster Density: NaN
Intra-Cluster Density: 0.5081593574130323
CDbw Inter-Cluster Density: NaN
CDbw Intra-Cluster Density: 2.229493246527571E-19
CDbw Separation: NaN
[STEP 0/2] CSVs to Sequence File
[STEP 1/2] K-Means
[STEP 2/2] Clusterdump
[RESULT ]
:VL-1159{n=987 c=[-7532363297081586700.000, -4461451844359600100.000] r=[2991204359616938000.000, 299
	Weight : [props - optional]:  Point:
	
:VL-1070{n=1013 c=[1219745047099263230.000, 7872055346268649500.000] r=[3046507284859728400.000, 3056
	Weight : [props - optional]:  Point:
	

Inter-Cluster Density: NaN
Intra-Cluster Density: 0.5533923762536002
CDbw Inter-Cluster Density: 4.303081532057106E-24
[STEP 0/2] CSVs to Sequence File
[STEP 1/2] K-Means
[STEP 2/2] Clusterdump
[RESULT ]
:VL-1661{n=663 c=[2732969880027487200.000, -8995232163555834900.000] r=[3506489334517846000.000, 3515
	Weight : [props - optional]:  Point:
	
:VL-1000{n=756 c=[-8644032489124457500.000, 4976794485583602700.000] r=[772294603459618430.000, 57931
	Weight : [props - optional]:  Point:
	
:VL-724{n=579 c=[-6368131285175231500.000, 6499745305989511200.000] r=[853320437414513660.000, 589729
	Weight : [props - optional]:  Point:
	

[STEP 0/2] CSVs to Sequence File
[STEP 1/2] K-Means
[STEP 2/2] Clusterdump
[RESULT ]
:VL-820{n=3001 c=[4471615419300110300.000, 378240724121491650.000] r=[1858943984062639620.000, 187136
	Weight : [props - optional]:  Point:
	

Inter-Cluster Density: NaN
Intra-Cluster Density: 0.5966829772000687
CDbw Inter-Cluster Density: NaN
CDbw Intra-Cluster Density: 5.573114579065995E-19
CDbw Separation: NaN
[STEP 0/2] CSVs to Sequence File
[STEP 1/2] K-Means
[STEP 2/2] Clusterdump
[RESULT ]
:VL-67{n=1595 c=[-965535045232616190.000, 5878126545090828300.000] r=[594969769562034940.000, 4848839
	Weight : [props - optional]:  Point:
	
:VL-1881{n=1407 c=[-3251783579315061200.000, 5956809088881360900.000] r=[415459273691736830.000, 4516
	Weight : [props - optional]:  Point:
	

Inter-Cluster Density: NaN
Intra-Cluster Density: 0.4944741318585798
CDbw Inter-Cluster Density: 4.053447263456644E-25
[STEP 0/2] CSVs to Sequence File
[STEP 1/2] K-Means
[STEP 2/2] Clusterdump
[RESULT ]
:VL-2695{n=2007 c=[1769444700712986880.000, -4366546504463356400.000] r=[1540550421961132030.000, 246
	Weight : [props - optional]:  Point:
	
:VL-1450{n=807 c=[-7222202199296633900.000, 653316585897336320.000] r=[2028884223894237180.000, 16986
	Weight : [props - optional]:  Point:
	
:VL-1120{n=189 c=[-5721512110096869400.000, 4071606740517245400.000] r=[1941733940460924160.000, 1260
	Weight : [props - optional]:  Point:
	

[STEP 0/2] CSVs to Sequence File
[STEP 1/2] K-Means
[STEP 2/2] Clusterdump
[RESULT ]
:VL-870{n=1001 c=[-6557460487452875800.000, -3153009800346391000.000] r=[1798957188541779200.000, 180
	Weight : [props - optional]:  Point:
	

Inter-Cluster Density: NaN
Intra-Cluster Density: 0.5034363721423541
CDbw Inter-Cluster Density: NaN
CDbw Intra-Cluster Density: 3.5679097340188385E-19
CDbw Separation: NaN
[STEP 0/2] CSVs to Sequence File
[STEP 1/2] K-Means
[STEP 2/2] Clusterdump
[RESULT ]
:VL-155{n=1001 c=[-6555462329849795600.000, -3153317670618827300.000] r=[1796897297344877570.000, 180
	Weight : [props - optional]:  Point:
	

Inter-Cluster Density: NaN
Intra-Cluster Density: 0.5034268455607256
CDbw Inter-Cluster Density: NaN
CDbw Intra-Cluster Density: 3.568190409314153E-19
CDbw Separation: NaN
[STEP 0/2] CSVs to Sequence File
[STEP 1/2] K-Means
[STEP 2/2] Clusterdump
[RESULT ]
:VL-819{n=500 c=[-8592501518593781800.000, 2468451015614704600.000] r=[3330759365918388700.000, 29336
	Weight : [props - optional]:  Point:
	
:VL-931{n=500 c=[4854929156425736200.000, -4308648376169045000.000] r=[3340812768851644900.000, 27541
	Weight : [props - optional]:  Point:
	

Inter-Cluster Density: NaN
Intra-Cluster Density: 0.5627635142220233
CDbw Inter-Cluster Density: 7.3889454640241E-22
[STEP 0/2] CSVs to Sequence File
[STEP 1/2] K-Means
[STEP 2/2] Clusterdump
[RESULT ]
:VL-355{n=315 c=[-3004727433229329900.000, 7738249778518165500.000] r=[1660492243158999040.000, 14566
	Weight : [props - optional]:  Point:
	
:VL-487{n=33 c=[-5924728844546777100.000, 5935956697868508200.000] r=[1537259907075714560.000, 129641
	Weight : [props - optional]:  Point:
	
:VL-698{n=654 c=[6373543131994634200.000, 1297132759467688190.000] r=[2587335382132513800.000, 355016
	Weight : [props - optional]:  Point:
	

[STEP 0/2] CSVs to Sequence File
[STEP 1/2] K-Means
[STEP 2/2] Clusterdump
[RESULT ]
:VL-1614{n=2001 c=[-7999971496820839400.000, 2560468157197344300.000] r=[1885209230493069310.000, 187
	Weight : [props - optional]:  Point:
	

Inter-Cluster Density: NaN
Intra-Cluster Density: 0.5081579455957591
CDbw Inter-Cluster Density: NaN
CDbw Intra-Cluster Density: 2.2296165779166005E-19
CDbw Separation: NaN
[STEP 0/2] CSVs to Sequence File
[STEP 1/2] K-Means
[STEP 2/2] Clusterdump
[RESULT ]
:VL-1613{n=1027 c=[-7428964251081627600.000, -4143759505657091100.000] r=[3002724826510032400.000, 33
	Weight : [props - optional]:  Point:
	
:VL-320{n=975 c=[1463031604706237950.000, 8021789938913592300.000] r=[2847341220862249000.000, 299465
	Weight : [props - optional]:  Point:
	

Inter-Cluster Density: NaN
Intra-Cluster Density: 0.5524659866268793
CDbw Inter-Cluster Density: 4.927237368552356E-22
[STEP 0/2] CSVs to Sequence File
[STEP 1/2] K-Means
[STEP 2/2] Clusterdump
[RESULT ]
:VL-28{n=660 c=[2793346103454869000.000, -9022940263330360300.000] r=[3449997839516010500.000, 350154
	Weight : [props - optional]:  Point:
	
:VL-1004{n=305 c=[-6109473669405648900.000, 6753839618574395400.000] r=[756534547477372160.000, 54771
	Weight : [props - optional]:  Point:
	
:VL-1210{n=1036 c=[-8108732919933129700.000, 5274458861113821200.000] r=[1138610580161086720.000, 954
	Weight : [props - optional]:  Point:
	

[STEP 0/2] CSVs to Sequence File
[STEP 1/2] K-Means
[STEP 2/2] Clusterdump
[RESULT ]
:VL-1514{n=3001 c=[4471636960959965700.000, 379725352917491460.000] r=[1858944630708517630.000, 18722
	Weight : [props - optional]:  Point:
	

Inter-Cluster Density: NaN
Intra-Cluster Density: 0.596682381949443
CDbw Inter-Cluster Density: NaN
CDbw Intra-Cluster Density: 5.5729859752278725E-19
CDbw Separation: NaN
[STEP 0/2] CSVs to Sequence File
[STEP 1/2] K-Means
[STEP 2/2] Clusterdump
[STEP 0/2] CSVs to Sequence File
[STEP 1/2] K-Means
[STEP 2/2] Clusterdump
[RESULT ]
:VL-390{n=1001 c=[-6554332318430342100.000, -3155555867071867900.000] r=[1796715299885124350.000, 180
	Weight : [props - optional]:  Point:
	

Inter-Cluster Density: NaN
Intra-Cluster Density: 0.503405975573502
CDbw Inter-Cluster Density: NaN
CDbw Intra-Cluster Density: 3.568239112265111E-19
CDbw Separation: NaN
[STEP 0/2] CSVs to Sequence File
[STEP 1/2] K-Means
[STEP 2/2] Clusterdump
[RESULT ]
:VL-399{n=488 c=[5155363159054410800.000, -4269484599134640100.000] r=[2893139217286415400.000, 28477
	Weight : [props - optional]:  Point:
	
:VL-242{n=512 c=[-8563678520903469100.000, 2272284773633857020.000] r=[3194610351636787200.000, 31024
	Weight : [props - optional]:  Point:
	

Inter-Cluster Density: NaN
Intra-Cluster Density: 0.5625223433418569
CDbw Inter-Cluster Density: 7.344139718582251E-22
[STEP 0/2] CSVs to Sequence File
[STEP 1/2] K-Means
[STEP 2/2] Clusterdump
[RESULT ]
:VL-947{n=620 c=[-61951082046201976.000, 6379530274280361000.000] r=[3967129789939245100.000, 2006191
	Weight : [props - optional]:  Point:
	
:VL-318{n=329 c=[8427542751195185200.000, -1914448923488818940.000] r=[1557779516787319300.000, 14074
	Weight : [props - optional]:  Point:
	
:VL-772{n=53 c=[5959657184069764100.000, 2764105862607522800.000] r=[1637737555030625280.000, 9066445
	Weight : [props - optional]:  Point:
	
[STEP 0/2] CSVs to Sequence File
[STEP 1/2] K-Means
[STEP 2/2] Clusterdump
[RESULT ]
head: cannot open ‘/tmp/my_mahout_synth/clusterdump_result’ for reading: No such file or directory
[STEP 0/2] CSVs to Sequence File
15/02/16 14:46:55 WARN fs.FileUtil: Failed to delete file or dir [/tmp/hadoop-cmantas/hadoop-unjar401752660451661931/com]: it still exists.
15/02/16 14:46:55 WARN fs.FileUtil: Failed to delete file or dir [/tmp/hadoop-cmantas/hadoop-unjar401752660451661931/org/apache]: it still exists.
[STEP 0/2] CSVs to Sequence File
[STEP 1/2] K-Means
[STEP 2/2] Clusterdump
[RESULT ]
:VL-809{n=1001 c=[-6557245162716899300.000, -3153671535751840800.000] r=[1798628610998549760.000, 180
	Weight : [props - optional]:  Point:
	

Inter-Cluster Density: NaN
Intra-Cluster Density: 0.5034306263036809
CDbw Inter-Cluster Density: NaN
CDbw Intra-Cluster Density: 3.5679065191744383E-19
CDbw Separation: NaN
[STEP 0/2] CSVs to Sequence File
[STEP 1/2] K-Means
[STEP 2/2] Clusterdump
[RESULT ]
:VL-696{n=494 c=[5050630682214467600.000, -4275595999425787900.000] r=[3025389672337565200.000, 28259
	Weight : [props - optional]:  Point:
	
:VL-750{n=506 c=[-8624106201774646300.000, 2355821627350138900.000] r=[3165835779376008200.000, 30283
	Weight : [props - optional]:  Point:
	

Inter-Cluster Density: NaN
Intra-Cluster Density: 0.5625832769411625
CDbw Inter-Cluster Density: 7.351840714170805E-22
[STEP 0/2] CSVs to Sequence File
[STEP 1/2] K-Means
[STEP 2/2] Clusterdump
[RESULT ]
:VL-114{n=35 c=[7237750616598602800.000, -4166997519429451300.000] r=[1241442773550930690.000, 702497
	Weight : [props - optional]:  Point:
	
:VL-332{n=417 c=[7620081444468879400.000, -178781129797179392.000] r=[2133302974415227650.000, 260378
	Weight : [props - optional]:  Point:
	
:VL-916{n=550 c=[-696565663600209410.000, 6698726544894850000.000] r=[3739333787061965300.000, 186395
	Weight : [props - optional]:  Point:
	

[STEP 0/2] CSVs to Sequence File
[STEP 1/2] K-Means
[STEP 2/2] Clusterdump
[RESULT ]
:VL-195{n=2001 c=[-8002438444807276500.000, 2560111909304519200.000] r=[1884948562238379260.000, 1878
	Weight : [props - optional]:  Point:
	

Inter-Cluster Density: NaN
Intra-Cluster Density: 0.5081636688498382
CDbw Inter-Cluster Density: NaN
CDbw Intra-Cluster Density: 2.2294721573531417E-19
CDbw Separation: NaN
[STEP 0/2] CSVs to Sequence File
[STEP 1/2] K-Means
[STEP 2/2] Clusterdump
[RESULT ]
:VL-160{n=1006 c=[1269116152282829570.000, 7915392662374444000.000] r=[2997771360820876800.000, 30283
	Weight : [props - optional]:  Point:
	
:VL-1814{n=996 c=[-7517583917801602000.000, -4405872880560099300.000] r=[2990428294286783500.000, 304
	Weight : [props - optional]:  Point:
	

Inter-Cluster Density: NaN
Intra-Cluster Density: 0.5533967342817623
CDbw Inter-Cluster Density: 6.089098955010635E-24
[STEP 0/2] CSVs to Sequence File
[STEP 1/2] K-Means
[STEP 2/2] Clusterdump
[RESULT ]
:VL-637{n=660 c=[2808470884647610900.000, -9017422545156393000.000] r=[3435558396218956300.000, 35225
	Weight : [props - optional]:  Point:
	
:VL-807{n=682 c=[-6545678641815389200.000, 6392838928736790500.000] r=[628373837760963840.000, 586488
	Weight : [props - optional]:  Point:
	
:VL-1341{n=659 c=[-8820737944381199400.000, 4788918667540013100.000] r=[692270547184257280.000, 89993
	Weight : [props - optional]:  Point:
	

[STEP 0/2] CSVs to Sequence File
[STEP 1/2] K-Means
[STEP 2/2] Clusterdump
[RESULT ]
:VL-1929{n=3001 c=[4472788488694917100.000, 377776397108939260.000] r=[1860068848764343040.000, 18718
	Weight : [props - optional]:  Point:
	

Inter-Cluster Density: NaN
Intra-Cluster Density: 0.5966832024253229
CDbw Inter-Cluster Density: NaN
CDbw Intra-Cluster Density: 5.572422476073437E-19
CDbw Separation: NaN
[STEP 0/2] CSVs to Sequence File
[STEP 1/2] K-Means
[STEP 2/2] Clusterdump
[STEP 0/2] CSVs to Sequence File
[STEP 1/2] K-Means
[STEP 2/2] Clusterdump
[RESULT ]
head: cannot open ‘/tmp/my_mahout_synth/clusterdump_result’ for reading: No such file or directory
[STEP 0/2] CSVs to Sequence File
15/02/16 14:51:19 WARN fs.FileUtil: Failed to delete file or dir [/tmp/hadoop-cmantas/hadoop-unjar2274711744092462533/org/apache/hadoop/ha]: it still exists.
[STEP 1/2] K-Means
[STEP 2/2] Clusterdump
[RESULT ]
head: cannot open ‘/tmp/my_mahout_synth/clusterdump_result’ for reading: No such file or directory
[STEP 0/2] CSVs to Sequence File
[STEP 1/2] K-Means
[STEP 2/2] Clusterdump
[STEP 0/2] CSVs to Sequence File
[STEP 1/2] K-Means
[STEP 2/2] Clusterdump
[RESULT ]
:VL-844{n=1001 c=[-6552611426133888000.000, -3154302716937671700.000] r=[1797803089467926780.000, 180
	Weight : [props - optional]:  Point:
	

Inter-Cluster Density: NaN
Intra-Cluster Density: 0.5034091601946384
CDbw Inter-Cluster Density: NaN
CDbw Intra-Cluster Density: 3.5685616766771537E-19
CDbw Separation: NaN
[STEP 0/2] CSVs to Sequence File
[STEP 1/2] K-Means
[STEP 2/2] Clusterdump
[RESULT ]
:VL-534{n=517 c=[-8511372175976762400.000, 2198258420793252860.000] r=[3219273774863612400.000, 31826
	Weight : [props - optional]:  Point:
	
:VL-362{n=485 c=[5225663143177226200.000, -4223680995278621700.000] r=[2820593605796459000.000, 28980
	Weight : [props - optional]:  Point:
	

Inter-Cluster Density: NaN
Intra-Cluster Density: 0.5624302447089309
CDbw Inter-Cluster Density: 7.347532207959857E-22
[STEP 0/2] CSVs to Sequence File
[STEP 1/2] K-Means
[STEP 2/2] Clusterdump
[RESULT ]
:VL-616{n=454 c=[335386286435932100.000, 6654148031266338800.000] r=[3379321426464082900.000, 1938599
	Weight : [props - optional]:  Point:
	
:VL-284{n=447 c=[7609955484542926800.000, -529306848822581700.000] r=[2075702351339676160.000, 269645
	Weight : [props - optional]:  Point:
	
:VL-507{n=101 c=[-5190131729602141200.000, 6893119878411371500.000] r=[1269694781650595580.000, 15123
	Weight : [props - optional]:  Point:
	

[STEP 0/2] CSVs to Sequence File
[STEP 1/2] K-Means
[STEP 2/2] Clusterdump
[STEP 0/2] CSVs to Sequence File
[STEP 1/2] K-Means
[STEP 2/2] Clusterdump
[RESULT ]
:VL-15{n=1001 c=[-6552593093464176600.000, -3151831024205672400.000] r=[1797823541737392640.000, 1801
	Weight : [props - optional]:  Point:
	

Inter-Cluster Density: NaN
Intra-Cluster Density: 0.5034276452684782
CDbw Inter-Cluster Density: NaN
CDbw Intra-Cluster Density: 3.568696018592234E-19
CDbw Separation: NaN
[STEP 0/2] CSVs to Sequence File
[STEP 1/2] K-Means
[STEP 2/2] Clusterdump
[RESULT ]
:VL-352{n=493 c=[5077407090092022800.000, -4281306297862341600.000] r=[2982122528059108900.000, 28297
	Weight : [props - optional]:  Point:
	
:VL-564{n=509 c=[-8611564821242593300.000, 2324047876647468500.000] r=[3176259067842811900.000, 30504
	Weight : [props - optional]:  Point:
	

Inter-Cluster Density: NaN
Intra-Cluster Density: 0.5626029765580369
CDbw Inter-Cluster Density: 7.348616143907709E-22
[STEP 0/2] CSVs to Sequence File
[STEP 1/2] K-Means
[STEP 0/2] CSVs to Sequence File
[STEP 1/2] K-Means
[STEP 2/2] Clusterdump
[RESULT ]
:VL-18{n=1001 c=[-6549896077603866600.000, -3154222243690517000.000] r=[1802862028954836480.000, 1800
	Weight : [props - optional]:  Point:
	

Inter-Cluster Density: NaN
Intra-Cluster Density: 0.5033999589089457
CDbw Inter-Cluster Density: NaN
CDbw Intra-Cluster Density: 3.5689694477767577E-19
CDbw Separation: NaN
[STEP 0/2] CSVs to Sequence File
[STEP 1/2] K-Means
[STEP 2/2] Clusterdump
[RESULT ]
:VL-856{n=512 c=[-8574235759840858100.000, 2287136080724231680.000] r=[3179000727378431500.000, 30973
	Weight : [props - optional]:  Point:
	
:VL-83{n=490 c=[5145224350164870100.000, -4260576831760770600.000] r=[2901880823033175000.000, 284549
	Weight : [props - optional]:  Point:
	

Inter-Cluster Density: NaN
Intra-Cluster Density: 0.5624982551536365
CDbw Inter-Cluster Density: 7.345301575132054E-22
[STEP 0/2] CSVs to Sequence File
[STEP 1/2] K-Means
[STEP 2/2] Clusterdump
[RESULT ]
:VL-337{n=344 c=[-3314390135503885300.000, 7589594968197444600.000] r=[1806058446598923260.000, 15398
	Weight : [props - optional]:  Point:
	
:VL-730{n=335 c=[4369847856967627300.000, 4501054169712130600.000] r=[1707769190443379460.000, 161105
	Weight : [props - optional]:  Point:
	
:VL-178{n=323 c=[8407803489379443700.000, -1983813497195810300.000] r=[1562968670292958720.000, 13504
	Weight : [props - optional]:  Point:
	

[STEP 0/2] CSVs to Sequence File
[STEP 1/2] K-Means
[STEP 2/2] Clusterdump
[RESULT ]
:VL-1877{n=2001 c=[-8000212606439063600.000, 2561684410770813400.000] r=[1884899055542878720.000, 187
	Weight : [props - optional]:  Point:
	

Inter-Cluster Density: NaN
Intra-Cluster Density: 0.5081522571096212
CDbw Inter-Cluster Density: NaN
CDbw Intra-Cluster Density: 2.2296006998428436E-19
CDbw Separation: NaN
[STEP 0/2] CSVs to Sequence File
[STEP 1/2] K-Means
[STEP 2/2] Clusterdump
[RESULT ]
:VL-1162{n=998 c=[-7518216211844537300.000, -4385575128121151000.000] r=[2987191601110314000.000, 307
	Weight : [props - optional]:  Point:
	
:VL-758{n=1004 c=[1286950907268315140.000, 7921396734503398400.000] r=[2972672116745884200.000, 30275
	Weight : [props - optional]:  Point:
	

Inter-Cluster Density: NaN
Intra-Cluster Density: 0.553391269966333
CDbw Inter-Cluster Density: 6.089951133837405E-24
[STEP 0/2] CSVs to Sequence File
[STEP 1/2] K-Means
[STEP 2/2] Clusterdump
[RESULT ]
:VL-1372{n=1298 c=[-3264546131176396300.000, -2030133527318067200.000] r=[6187237172613742600.000, 74
	Weight : [props - optional]:  Point:
	
:VL-1278{n=468 c=[-5466333293119411200.000, 6015637631983035400.000] r=[3315246473510633000.000, 2565
	Weight : [props - optional]:  Point:
	
:VL-849{n=235 c=[-6964091165481328600.000, 5951568420271819800.000] r=[521326367046163010.000, 446861
	Weight : [props - optional]:  Point:
	

[STEP 0/2] CSVs to Sequence File
[STEP 1/2] K-Means
[STEP 2/2] Clusterdump
[RESULT ]
:VL-1537{n=3001 c=[4471308322885327400.000, 378010617245283970.000] r=[1859016200334226430.000, 18715
	Weight : [props - optional]:  Point:
	

Inter-Cluster Density: NaN
Intra-Cluster Density: 0.5966830588684575
CDbw Inter-Cluster Density: NaN
CDbw Intra-Cluster Density: 5.573323039551586E-19
CDbw Separation: NaN
[STEP 0/2] CSVs to Sequence File
[STEP 1/2] K-Means
[STEP 2/2] Clusterdump
[RESULT ]
:VL-2911{n=1547 c=[-3161928701736736800.000, 5972269262426912800.000] r=[494991070200775170.000, 4638
	Weight : [props - optional]:  Point:
	
:VL-1097{n=1455 c=[-840265703586408960.000, 5854519606378426400.000] r=[446591061184781890.000, 47113
	Weight : [props - optional]:  Point:
	

Inter-Cluster Density: NaN
Intra-Cluster Density: 0.4934119619017774
CDbw Inter-Cluster Density: 1.76683467465769E-24
[STEP 0/2] CSVs to Sequence File
[STEP 1/2] K-Means
[STEP 2/2] Clusterdump
[RESULT ]
:VL-1666{n=1043 c=[-6700028424692799500.000, 967117412568973950.000] r=[2317281462174807600.000, 2557
	Weight : [props - optional]:  Point:
	
:VL-404{n=1245 c=[1073994174464079620.000, -5797731665669308400.000] r=[1081997370477758850.000, 1803
	Weight : [props - optional]:  Point:
	
:VL-258{n=715 c=[3223027271531082200.000, -1769797677136403710.000] r=[896390680778973700.000, 875993
	Weight : [props - optional]:  Point:
	

