Running on hadoop, using /etc/hadoop/bin/hadoop and HADOOP_CONF_DIR=
MAHOUT-JOB: /etc/mahout-distribution-0.9/mahout-examples-0.9-job.jar
15/01/16 18:01:20 INFO common.AbstractJob: Command line arguments: {--dictionaryType=[sequencefile], --distanceMeasure=[org.apache.mahout.common.distance.CosineDistanceMeasure], --endPhase=[2147483647], --evaluate=null, --input=[/tmp/my_mahout_synth/clustering_raw_output/clusters-*-final], --numWords=[20], --output=[/tmp/my_mahout_synth/clusterdump_result], --outputFormat=[TEXT], --pointsDir=[/tmp/my_mahout_synth/clustering_raw_output/clusteredPoints], --samplePoints=[0], --startPhase=[0], --substring=[100], --tempDir=[temp]}
15/01/16 18:01:21 INFO common.HadoopUtil: Deleting tmp/representative
15/01/16 18:01:21 INFO common.AbstractJob: Command line arguments: {--clusteredPoints=[/tmp/my_mahout_synth/clustering_raw_output/clusteredPoints], --distanceMeasure=[org.apache.mahout.common.distance.CosineDistanceMeasure], --endPhase=[2147483647], --input=[/tmp/my_mahout_synth/clustering_raw_output/clusters-*-final], --maxIter=[5], --method=[mapreduce], --output=[tmp/representative], --startPhase=[0], --tempDir=[temp]}
15/01/16 18:01:21 INFO evaluation.RepresentativePointsDriver: Representative Points Iteration 0
15/01/16 18:01:21 INFO Configuration.deprecation: session.id is deprecated. Instead, use dfs.metrics.session-id
15/01/16 18:01:21 INFO jvm.JvmMetrics: Initializing JVM Metrics with processName=JobTracker, sessionId=
15/01/16 18:01:21 INFO input.FileInputFormat: Total input paths to process : 1
15/01/16 18:01:21 INFO mapreduce.JobSubmitter: number of splits:1
15/01/16 18:01:21 INFO mapreduce.JobSubmitter: Submitting tokens for job: job_local2056538989_0001
15/01/16 18:01:21 WARN conf.Configuration: file:/etc/hadoop/data/temp_dir/mapred/staging/cmantas2056538989/.staging/job_local2056538989_0001/job.xml:an attempt to override final parameter: mapreduce.job.end-notification.max.retry.interval;  Ignoring.
15/01/16 18:01:21 WARN conf.Configuration: file:/etc/hadoop/data/temp_dir/mapred/staging/cmantas2056538989/.staging/job_local2056538989_0001/job.xml:an attempt to override final parameter: mapreduce.job.end-notification.max.attempts;  Ignoring.
15/01/16 18:01:22 WARN conf.Configuration: file:/etc/hadoop/data/temp_dir/mapred/local/localRunner/cmantas/job_local2056538989_0001/job_local2056538989_0001.xml:an attempt to override final parameter: mapreduce.job.end-notification.max.retry.interval;  Ignoring.
15/01/16 18:01:22 WARN conf.Configuration: file:/etc/hadoop/data/temp_dir/mapred/local/localRunner/cmantas/job_local2056538989_0001/job_local2056538989_0001.xml:an attempt to override final parameter: mapreduce.job.end-notification.max.attempts;  Ignoring.
15/01/16 18:01:22 INFO mapreduce.Job: The url to track the job: http://localhost:8080/
15/01/16 18:01:22 INFO mapreduce.Job: Running job: job_local2056538989_0001
15/01/16 18:01:22 INFO mapred.LocalJobRunner: OutputCommitter set in config null
15/01/16 18:01:22 INFO mapred.LocalJobRunner: OutputCommitter is org.apache.hadoop.mapreduce.lib.output.FileOutputCommitter
15/01/16 18:01:22 INFO mapred.LocalJobRunner: Waiting for map tasks
15/01/16 18:01:22 INFO mapred.LocalJobRunner: Starting task: attempt_local2056538989_0001_m_000000_0
15/01/16 18:01:22 INFO mapred.Task:  Using ResourceCalculatorProcessTree : [ ]
15/01/16 18:01:22 INFO mapred.MapTask: Processing split: hdfs://localhost:9000/tmp/my_mahout_synth/clustering_raw_output/clusteredPoints/part-m-00000:0+231417
15/01/16 18:01:22 INFO mapred.MapTask: Map output collector class = org.apache.hadoop.mapred.MapTask$MapOutputBuffer
15/01/16 18:01:22 INFO mapred.MapTask: (EQUATOR) 0 kvi 26214396(104857584)
15/01/16 18:01:22 INFO mapred.MapTask: mapreduce.task.io.sort.mb: 100
15/01/16 18:01:22 INFO mapred.MapTask: soft limit at 83886080
15/01/16 18:01:22 INFO mapred.MapTask: bufstart = 0; bufvoid = 104857600
15/01/16 18:01:22 INFO mapred.MapTask: kvstart = 26214396; length = 6553600
15/01/16 18:01:22 INFO mapred.LocalJobRunner: 
15/01/16 18:01:22 INFO mapred.MapTask: Starting flush of map output
15/01/16 18:01:22 INFO mapred.MapTask: Spilling map output
15/01/16 18:01:22 INFO mapred.MapTask: bufstart = 0; bufend = 99; bufvoid = 104857600
15/01/16 18:01:22 INFO mapred.MapTask: kvstart = 26214396(104857584); kvend = 26214388(104857552); length = 9/6553600
15/01/16 18:01:22 INFO mapred.MapTask: Finished spill 0
15/01/16 18:01:22 INFO mapred.Task: Task:attempt_local2056538989_0001_m_000000_0 is done. And is in the process of committing
15/01/16 18:01:22 INFO mapred.LocalJobRunner: map
15/01/16 18:01:22 INFO mapred.Task: Task 'attempt_local2056538989_0001_m_000000_0' done.
15/01/16 18:01:22 INFO mapred.LocalJobRunner: Finishing task: attempt_local2056538989_0001_m_000000_0
15/01/16 18:01:22 INFO mapred.LocalJobRunner: map task executor complete.
15/01/16 18:01:22 INFO mapred.LocalJobRunner: Waiting for reduce tasks
15/01/16 18:01:22 INFO mapred.LocalJobRunner: Starting task: attempt_local2056538989_0001_r_000000_0
15/01/16 18:01:22 INFO mapred.Task:  Using ResourceCalculatorProcessTree : [ ]
15/01/16 18:01:22 INFO mapred.ReduceTask: Using ShuffleConsumerPlugin: org.apache.hadoop.mapreduce.task.reduce.Shuffle@6449194c
15/01/16 18:01:22 INFO reduce.MergeManagerImpl: MergerManager: memoryLimit=333971456, maxSingleShuffleLimit=83492864, mergeThreshold=220421168, ioSortFactor=10, memToMemMergeOutputsThreshold=10
15/01/16 18:01:22 INFO reduce.EventFetcher: attempt_local2056538989_0001_r_000000_0 Thread started: EventFetcher for fetching Map Completion Events
15/01/16 18:01:22 INFO reduce.LocalFetcher: localfetcher#1 about to shuffle output of map attempt_local2056538989_0001_m_000000_0 decomp: 107 len: 111 to MEMORY
15/01/16 18:01:22 INFO reduce.InMemoryMapOutput: Read 107 bytes from map-output for attempt_local2056538989_0001_m_000000_0
15/01/16 18:01:22 INFO reduce.MergeManagerImpl: closeInMemoryFile -> map-output of size: 107, inMemoryMapOutputs.size() -> 1, commitMemory -> 0, usedMemory ->107
15/01/16 18:01:22 INFO reduce.EventFetcher: EventFetcher is interrupted.. Returning
15/01/16 18:01:22 INFO mapred.LocalJobRunner: 1 / 1 copied.
15/01/16 18:01:22 INFO reduce.MergeManagerImpl: finalMerge called with 1 in-memory map-outputs and 0 on-disk map-outputs
15/01/16 18:01:22 INFO mapred.Merger: Merging 1 sorted segments
15/01/16 18:01:22 INFO mapred.Merger: Down to the last merge-pass, with 1 segments left of total size: 101 bytes
15/01/16 18:01:22 INFO reduce.MergeManagerImpl: Merged 1 segments, 107 bytes to disk to satisfy reduce memory limit
15/01/16 18:01:22 INFO reduce.MergeManagerImpl: Merging 1 files, 111 bytes from disk
15/01/16 18:01:22 INFO reduce.MergeManagerImpl: Merging 0 segments, 0 bytes from memory into reduce
15/01/16 18:01:22 INFO mapred.Merger: Merging 1 sorted segments
15/01/16 18:01:22 INFO mapred.Merger: Down to the last merge-pass, with 1 segments left of total size: 101 bytes
15/01/16 18:01:22 INFO mapred.LocalJobRunner: 1 / 1 copied.
15/01/16 18:01:22 INFO Configuration.deprecation: mapred.skip.on is deprecated. Instead, use mapreduce.job.skiprecords
15/01/16 18:01:22 INFO mapred.Task: Task:attempt_local2056538989_0001_r_000000_0 is done. And is in the process of committing
15/01/16 18:01:22 INFO mapred.LocalJobRunner: 1 / 1 copied.
15/01/16 18:01:22 INFO mapred.Task: Task attempt_local2056538989_0001_r_000000_0 is allowed to commit now
15/01/16 18:01:22 INFO output.FileOutputCommitter: Saved output of task 'attempt_local2056538989_0001_r_000000_0' to hdfs://localhost:9000/user/cmantas/tmp/representative/representativePoints-1/_temporary/0/task_local2056538989_0001_r_000000
15/01/16 18:01:22 INFO mapred.LocalJobRunner: reduce > reduce
15/01/16 18:01:22 INFO mapred.Task: Task 'attempt_local2056538989_0001_r_000000_0' done.
15/01/16 18:01:22 INFO mapred.LocalJobRunner: Finishing task: attempt_local2056538989_0001_r_000000_0
15/01/16 18:01:22 INFO mapred.LocalJobRunner: reduce task executor complete.
15/01/16 18:01:23 INFO mapreduce.Job: Job job_local2056538989_0001 running in uber mode : false
15/01/16 18:01:23 INFO mapreduce.Job:  map 100% reduce 100%
15/01/16 18:01:23 INFO mapreduce.Job: Job job_local2056538989_0001 completed successfully
15/01/16 18:01:23 INFO mapreduce.Job: Counters: 38
	File System Counters
		FILE: Number of bytes read=48357592
		FILE: Number of bytes written=49217695
		FILE: Number of read operations=0
		FILE: Number of large read operations=0
		FILE: Number of write operations=0
		HDFS: Number of bytes read=929000
		HDFS: Number of bytes written=687
		HDFS: Number of read operations=50
		HDFS: Number of large read operations=0
		HDFS: Number of write operations=8
	Map-Reduce Framework
		Map input records=3000
		Map output records=3
		Map output bytes=99
		Map output materialized bytes=111
		Input split bytes=157
		Combine input records=0
		Combine output records=0
		Reduce input groups=3
		Reduce shuffle bytes=111
		Reduce input records=3
		Reduce output records=6
		Spilled Records=6
		Shuffled Maps =1
		Failed Shuffles=0
		Merged Map outputs=1
		GC time elapsed (ms)=0
		CPU time spent (ms)=0
		Physical memory (bytes) snapshot=0
		Virtual memory (bytes) snapshot=0
		Total committed heap usage (bytes)=624951296
	Shuffle Errors
		BAD_ID=0
		CONNECTION=0
		IO_ERROR=0
		WRONG_LENGTH=0
		WRONG_MAP=0
		WRONG_REDUCE=0
	File Input Format Counters 
		Bytes Read=231417
	File Output Format Counters 
		Bytes Written=295
15/01/16 18:01:23 INFO evaluation.RepresentativePointsDriver: Representative Points Iteration 1
15/01/16 18:01:23 INFO jvm.JvmMetrics: Cannot initialize JVM Metrics with processName=JobTracker, sessionId= - already initialized
15/01/16 18:01:23 INFO input.FileInputFormat: Total input paths to process : 1
15/01/16 18:01:23 INFO mapreduce.JobSubmitter: number of splits:1
15/01/16 18:01:23 INFO mapreduce.JobSubmitter: Submitting tokens for job: job_local1331260071_0002
15/01/16 18:01:23 WARN conf.Configuration: file:/etc/hadoop/data/temp_dir/mapred/staging/cmantas1331260071/.staging/job_local1331260071_0002/job.xml:an attempt to override final parameter: mapreduce.job.end-notification.max.retry.interval;  Ignoring.
15/01/16 18:01:23 WARN conf.Configuration: file:/etc/hadoop/data/temp_dir/mapred/staging/cmantas1331260071/.staging/job_local1331260071_0002/job.xml:an attempt to override final parameter: mapreduce.job.end-notification.max.attempts;  Ignoring.
15/01/16 18:01:23 WARN conf.Configuration: file:/etc/hadoop/data/temp_dir/mapred/local/localRunner/cmantas/job_local1331260071_0002/job_local1331260071_0002.xml:an attempt to override final parameter: mapreduce.job.end-notification.max.retry.interval;  Ignoring.
15/01/16 18:01:23 WARN conf.Configuration: file:/etc/hadoop/data/temp_dir/mapred/local/localRunner/cmantas/job_local1331260071_0002/job_local1331260071_0002.xml:an attempt to override final parameter: mapreduce.job.end-notification.max.attempts;  Ignoring.
15/01/16 18:01:23 INFO mapreduce.Job: The url to track the job: http://localhost:8080/
15/01/16 18:01:23 INFO mapreduce.Job: Running job: job_local1331260071_0002
15/01/16 18:01:23 INFO mapred.LocalJobRunner: OutputCommitter set in config null
15/01/16 18:01:23 INFO mapred.LocalJobRunner: OutputCommitter is org.apache.hadoop.mapreduce.lib.output.FileOutputCommitter
15/01/16 18:01:23 INFO mapred.LocalJobRunner: Waiting for map tasks
15/01/16 18:01:23 INFO mapred.LocalJobRunner: Starting task: attempt_local1331260071_0002_m_000000_0
15/01/16 18:01:23 INFO mapred.Task:  Using ResourceCalculatorProcessTree : [ ]
15/01/16 18:01:23 INFO mapred.MapTask: Processing split: hdfs://localhost:9000/tmp/my_mahout_synth/clustering_raw_output/clusteredPoints/part-m-00000:0+231417
15/01/16 18:01:23 INFO mapred.MapTask: Map output collector class = org.apache.hadoop.mapred.MapTask$MapOutputBuffer
15/01/16 18:01:23 INFO mapred.MapTask: (EQUATOR) 0 kvi 26214396(104857584)
15/01/16 18:01:23 INFO mapred.MapTask: mapreduce.task.io.sort.mb: 100
15/01/16 18:01:23 INFO mapred.MapTask: soft limit at 83886080
15/01/16 18:01:23 INFO mapred.MapTask: bufstart = 0; bufvoid = 104857600
15/01/16 18:01:23 INFO mapred.MapTask: kvstart = 26214396; length = 6553600
15/01/16 18:01:23 INFO mapred.LocalJobRunner: 
15/01/16 18:01:23 INFO mapred.MapTask: Starting flush of map output
15/01/16 18:01:23 INFO mapred.MapTask: Spilling map output
15/01/16 18:01:23 INFO mapred.MapTask: bufstart = 0; bufend = 99; bufvoid = 104857600
15/01/16 18:01:23 INFO mapred.MapTask: kvstart = 26214396(104857584); kvend = 26214388(104857552); length = 9/6553600
15/01/16 18:01:23 INFO mapred.MapTask: Finished spill 0
15/01/16 18:01:23 INFO mapred.Task: Task:attempt_local1331260071_0002_m_000000_0 is done. And is in the process of committing
15/01/16 18:01:23 INFO mapred.LocalJobRunner: map
15/01/16 18:01:23 INFO mapred.Task: Task 'attempt_local1331260071_0002_m_000000_0' done.
15/01/16 18:01:23 INFO mapred.LocalJobRunner: Finishing task: attempt_local1331260071_0002_m_000000_0
15/01/16 18:01:23 INFO mapred.LocalJobRunner: map task executor complete.
15/01/16 18:01:23 INFO mapred.LocalJobRunner: Waiting for reduce tasks
15/01/16 18:01:23 INFO mapred.LocalJobRunner: Starting task: attempt_local1331260071_0002_r_000000_0
15/01/16 18:01:23 INFO mapred.Task:  Using ResourceCalculatorProcessTree : [ ]
15/01/16 18:01:23 INFO mapred.ReduceTask: Using ShuffleConsumerPlugin: org.apache.hadoop.mapreduce.task.reduce.Shuffle@7230f45b
15/01/16 18:01:23 INFO reduce.MergeManagerImpl: MergerManager: memoryLimit=333971456, maxSingleShuffleLimit=83492864, mergeThreshold=220421168, ioSortFactor=10, memToMemMergeOutputsThreshold=10
15/01/16 18:01:23 INFO reduce.EventFetcher: attempt_local1331260071_0002_r_000000_0 Thread started: EventFetcher for fetching Map Completion Events
15/01/16 18:01:23 INFO reduce.LocalFetcher: localfetcher#2 about to shuffle output of map attempt_local1331260071_0002_m_000000_0 decomp: 107 len: 111 to MEMORY
15/01/16 18:01:23 INFO reduce.InMemoryMapOutput: Read 107 bytes from map-output for attempt_local1331260071_0002_m_000000_0
15/01/16 18:01:23 INFO reduce.MergeManagerImpl: closeInMemoryFile -> map-output of size: 107, inMemoryMapOutputs.size() -> 1, commitMemory -> 0, usedMemory ->107
15/01/16 18:01:23 INFO reduce.EventFetcher: EventFetcher is interrupted.. Returning
15/01/16 18:01:23 INFO mapred.LocalJobRunner: 1 / 1 copied.
15/01/16 18:01:23 INFO reduce.MergeManagerImpl: finalMerge called with 1 in-memory map-outputs and 0 on-disk map-outputs
15/01/16 18:01:23 INFO mapred.Merger: Merging 1 sorted segments
15/01/16 18:01:23 INFO mapred.Merger: Down to the last merge-pass, with 1 segments left of total size: 101 bytes
15/01/16 18:01:23 INFO reduce.MergeManagerImpl: Merged 1 segments, 107 bytes to disk to satisfy reduce memory limit
15/01/16 18:01:23 INFO reduce.MergeManagerImpl: Merging 1 files, 111 bytes from disk
15/01/16 18:01:23 INFO reduce.MergeManagerImpl: Merging 0 segments, 0 bytes from memory into reduce
15/01/16 18:01:23 INFO mapred.Merger: Merging 1 sorted segments
15/01/16 18:01:23 INFO mapred.Merger: Down to the last merge-pass, with 1 segments left of total size: 101 bytes
15/01/16 18:01:23 INFO mapred.LocalJobRunner: 1 / 1 copied.
15/01/16 18:01:23 INFO mapred.Task: Task:attempt_local1331260071_0002_r_000000_0 is done. And is in the process of committing
15/01/16 18:01:23 INFO mapred.LocalJobRunner: 1 / 1 copied.
15/01/16 18:01:23 INFO mapred.Task: Task attempt_local1331260071_0002_r_000000_0 is allowed to commit now
15/01/16 18:01:23 INFO output.FileOutputCommitter: Saved output of task 'attempt_local1331260071_0002_r_000000_0' to hdfs://localhost:9000/user/cmantas/tmp/representative/representativePoints-2/_temporary/0/task_local1331260071_0002_r_000000
15/01/16 18:01:23 INFO mapred.LocalJobRunner: reduce > reduce
15/01/16 18:01:23 INFO mapred.Task: Task 'attempt_local1331260071_0002_r_000000_0' done.
15/01/16 18:01:23 INFO mapred.LocalJobRunner: Finishing task: attempt_local1331260071_0002_r_000000_0
15/01/16 18:01:23 INFO mapred.LocalJobRunner: reduce task executor complete.
15/01/16 18:01:24 INFO mapreduce.Job: Job job_local1331260071_0002 running in uber mode : false
15/01/16 18:01:24 INFO mapreduce.Job:  map 100% reduce 100%
15/01/16 18:01:24 INFO mapreduce.Job: Job job_local1331260071_0002 completed successfully
15/01/16 18:01:24 INFO mapreduce.Job: Counters: 38
	File System Counters
		FILE: Number of bytes read=96715438
		FILE: Number of bytes written=98435501
		FILE: Number of read operations=0
		FILE: Number of large read operations=0
		FILE: Number of write operations=0
		HDFS: Number of bytes read=1392915
		HDFS: Number of bytes written=1376
		HDFS: Number of read operations=92
		HDFS: Number of large read operations=0
		HDFS: Number of write operations=20
	Map-Reduce Framework
		Map input records=3000
		Map output records=3
		Map output bytes=99
		Map output materialized bytes=111
		Input split bytes=157
		Combine input records=0
		Combine output records=0
		Reduce input groups=3
		Reduce shuffle bytes=111
		Reduce input records=3
		Reduce output records=9
		Spilled Records=6
		Shuffled Maps =1
		Failed Shuffles=0
		Merged Map outputs=1
		GC time elapsed (ms)=0
		CPU time spent (ms)=0
		Physical memory (bytes) snapshot=0
		Virtual memory (bytes) snapshot=0
		Total committed heap usage (bytes)=835715072
	Shuffle Errors
		BAD_ID=0
		CONNECTION=0
		IO_ERROR=0
		WRONG_LENGTH=0
		WRONG_MAP=0
		WRONG_REDUCE=0
	File Input Format Counters 
		Bytes Read=231417
	File Output Format Counters 
		Bytes Written=394
15/01/16 18:01:24 INFO evaluation.RepresentativePointsDriver: Representative Points Iteration 2
15/01/16 18:01:24 INFO jvm.JvmMetrics: Cannot initialize JVM Metrics with processName=JobTracker, sessionId= - already initialized
15/01/16 18:01:24 INFO input.FileInputFormat: Total input paths to process : 1
15/01/16 18:01:24 INFO mapreduce.JobSubmitter: number of splits:1
15/01/16 18:01:24 INFO mapreduce.JobSubmitter: Submitting tokens for job: job_local1259493545_0003
15/01/16 18:01:24 WARN conf.Configuration: file:/etc/hadoop/data/temp_dir/mapred/staging/cmantas1259493545/.staging/job_local1259493545_0003/job.xml:an attempt to override final parameter: mapreduce.job.end-notification.max.retry.interval;  Ignoring.
15/01/16 18:01:24 WARN conf.Configuration: file:/etc/hadoop/data/temp_dir/mapred/staging/cmantas1259493545/.staging/job_local1259493545_0003/job.xml:an attempt to override final parameter: mapreduce.job.end-notification.max.attempts;  Ignoring.
15/01/16 18:01:24 WARN conf.Configuration: file:/etc/hadoop/data/temp_dir/mapred/local/localRunner/cmantas/job_local1259493545_0003/job_local1259493545_0003.xml:an attempt to override final parameter: mapreduce.job.end-notification.max.retry.interval;  Ignoring.
15/01/16 18:01:24 WARN conf.Configuration: file:/etc/hadoop/data/temp_dir/mapred/local/localRunner/cmantas/job_local1259493545_0003/job_local1259493545_0003.xml:an attempt to override final parameter: mapreduce.job.end-notification.max.attempts;  Ignoring.
15/01/16 18:01:24 INFO mapreduce.Job: The url to track the job: http://localhost:8080/
15/01/16 18:01:24 INFO mapreduce.Job: Running job: job_local1259493545_0003
15/01/16 18:01:24 INFO mapred.LocalJobRunner: OutputCommitter set in config null
15/01/16 18:01:24 INFO mapred.LocalJobRunner: OutputCommitter is org.apache.hadoop.mapreduce.lib.output.FileOutputCommitter
15/01/16 18:01:24 INFO mapred.LocalJobRunner: Waiting for map tasks
15/01/16 18:01:24 INFO mapred.LocalJobRunner: Starting task: attempt_local1259493545_0003_m_000000_0
15/01/16 18:01:24 INFO mapred.Task:  Using ResourceCalculatorProcessTree : [ ]
15/01/16 18:01:24 INFO mapred.MapTask: Processing split: hdfs://localhost:9000/tmp/my_mahout_synth/clustering_raw_output/clusteredPoints/part-m-00000:0+231417
15/01/16 18:01:24 INFO mapred.MapTask: Map output collector class = org.apache.hadoop.mapred.MapTask$MapOutputBuffer
15/01/16 18:01:24 INFO mapred.MapTask: (EQUATOR) 0 kvi 26214396(104857584)
15/01/16 18:01:24 INFO mapred.MapTask: mapreduce.task.io.sort.mb: 100
15/01/16 18:01:24 INFO mapred.MapTask: soft limit at 83886080
15/01/16 18:01:24 INFO mapred.MapTask: bufstart = 0; bufvoid = 104857600
15/01/16 18:01:24 INFO mapred.MapTask: kvstart = 26214396; length = 6553600
15/01/16 18:01:24 INFO mapred.LocalJobRunner: 
15/01/16 18:01:24 INFO mapred.MapTask: Starting flush of map output
15/01/16 18:01:24 INFO mapred.MapTask: Spilling map output
15/01/16 18:01:24 INFO mapred.MapTask: bufstart = 0; bufend = 99; bufvoid = 104857600
15/01/16 18:01:24 INFO mapred.MapTask: kvstart = 26214396(104857584); kvend = 26214388(104857552); length = 9/6553600
15/01/16 18:01:24 INFO mapred.MapTask: Finished spill 0
15/01/16 18:01:24 INFO mapred.Task: Task:attempt_local1259493545_0003_m_000000_0 is done. And is in the process of committing
15/01/16 18:01:24 INFO mapred.LocalJobRunner: map
15/01/16 18:01:24 INFO mapred.Task: Task 'attempt_local1259493545_0003_m_000000_0' done.
15/01/16 18:01:24 INFO mapred.LocalJobRunner: Finishing task: attempt_local1259493545_0003_m_000000_0
15/01/16 18:01:24 INFO mapred.LocalJobRunner: map task executor complete.
15/01/16 18:01:24 INFO mapred.LocalJobRunner: Waiting for reduce tasks
15/01/16 18:01:24 INFO mapred.LocalJobRunner: Starting task: attempt_local1259493545_0003_r_000000_0
15/01/16 18:01:24 INFO mapred.Task:  Using ResourceCalculatorProcessTree : [ ]
15/01/16 18:01:24 INFO mapred.ReduceTask: Using ShuffleConsumerPlugin: org.apache.hadoop.mapreduce.task.reduce.Shuffle@ae7d5cc
15/01/16 18:01:24 INFO reduce.MergeManagerImpl: MergerManager: memoryLimit=333971456, maxSingleShuffleLimit=83492864, mergeThreshold=220421168, ioSortFactor=10, memToMemMergeOutputsThreshold=10
15/01/16 18:01:24 INFO reduce.EventFetcher: attempt_local1259493545_0003_r_000000_0 Thread started: EventFetcher for fetching Map Completion Events
15/01/16 18:01:24 INFO reduce.LocalFetcher: localfetcher#3 about to shuffle output of map attempt_local1259493545_0003_m_000000_0 decomp: 107 len: 111 to MEMORY
15/01/16 18:01:24 INFO reduce.InMemoryMapOutput: Read 107 bytes from map-output for attempt_local1259493545_0003_m_000000_0
15/01/16 18:01:24 INFO reduce.MergeManagerImpl: closeInMemoryFile -> map-output of size: 107, inMemoryMapOutputs.size() -> 1, commitMemory -> 0, usedMemory ->107
15/01/16 18:01:24 INFO reduce.EventFetcher: EventFetcher is interrupted.. Returning
15/01/16 18:01:24 INFO mapred.LocalJobRunner: 1 / 1 copied.
15/01/16 18:01:24 INFO reduce.MergeManagerImpl: finalMerge called with 1 in-memory map-outputs and 0 on-disk map-outputs
15/01/16 18:01:24 INFO mapred.Merger: Merging 1 sorted segments
15/01/16 18:01:24 INFO mapred.Merger: Down to the last merge-pass, with 1 segments left of total size: 101 bytes
15/01/16 18:01:24 INFO reduce.MergeManagerImpl: Merged 1 segments, 107 bytes to disk to satisfy reduce memory limit
15/01/16 18:01:24 INFO reduce.MergeManagerImpl: Merging 1 files, 111 bytes from disk
15/01/16 18:01:24 INFO reduce.MergeManagerImpl: Merging 0 segments, 0 bytes from memory into reduce
15/01/16 18:01:24 INFO mapred.Merger: Merging 1 sorted segments
15/01/16 18:01:24 INFO mapred.Merger: Down to the last merge-pass, with 1 segments left of total size: 101 bytes
15/01/16 18:01:24 INFO mapred.LocalJobRunner: 1 / 1 copied.
15/01/16 18:01:24 INFO mapred.Task: Task:attempt_local1259493545_0003_r_000000_0 is done. And is in the process of committing
15/01/16 18:01:24 INFO mapred.LocalJobRunner: 1 / 1 copied.
15/01/16 18:01:24 INFO mapred.Task: Task attempt_local1259493545_0003_r_000000_0 is allowed to commit now
15/01/16 18:01:24 INFO output.FileOutputCommitter: Saved output of task 'attempt_local1259493545_0003_r_000000_0' to hdfs://localhost:9000/user/cmantas/tmp/representative/representativePoints-3/_temporary/0/task_local1259493545_0003_r_000000
15/01/16 18:01:24 INFO mapred.LocalJobRunner: reduce > reduce
15/01/16 18:01:24 INFO mapred.Task: Task 'attempt_local1259493545_0003_r_000000_0' done.
15/01/16 18:01:24 INFO mapred.LocalJobRunner: Finishing task: attempt_local1259493545_0003_r_000000_0
15/01/16 18:01:24 INFO mapred.LocalJobRunner: reduce task executor complete.
15/01/16 18:01:25 INFO mapreduce.Job: Job job_local1259493545_0003 running in uber mode : false
15/01/16 18:01:25 INFO mapreduce.Job:  map 100% reduce 100%
15/01/16 18:01:25 INFO mapreduce.Job: Job job_local1259493545_0003 completed successfully
15/01/16 18:01:25 INFO mapreduce.Job: Counters: 38
	File System Counters
		FILE: Number of bytes read=145073284
		FILE: Number of bytes written=147653307
		FILE: Number of read operations=0
		FILE: Number of large read operations=0
		FILE: Number of write operations=0
		HDFS: Number of bytes read=1857226
		HDFS: Number of bytes written=2263
		HDFS: Number of read operations=134
		HDFS: Number of large read operations=0
		HDFS: Number of write operations=32
	Map-Reduce Framework
		Map input records=3000
		Map output records=3
		Map output bytes=99
		Map output materialized bytes=111
		Input split bytes=157
		Combine input records=0
		Combine output records=0
		Reduce input groups=3
		Reduce shuffle bytes=111
		Reduce input records=3
		Reduce output records=12
		Spilled Records=6
		Shuffled Maps =1
		Failed Shuffles=0
		Merged Map outputs=1
		GC time elapsed (ms)=201
		CPU time spent (ms)=0
		Physical memory (bytes) snapshot=0
		Virtual memory (bytes) snapshot=0
		Total committed heap usage (bytes)=613416960
	Shuffle Errors
		BAD_ID=0
		CONNECTION=0
		IO_ERROR=0
		WRONG_LENGTH=0
		WRONG_MAP=0
		WRONG_REDUCE=0
	File Input Format Counters 
		Bytes Read=231417
	File Output Format Counters 
		Bytes Written=493
15/01/16 18:01:25 INFO evaluation.RepresentativePointsDriver: Representative Points Iteration 3
15/01/16 18:01:25 INFO jvm.JvmMetrics: Cannot initialize JVM Metrics with processName=JobTracker, sessionId= - already initialized
15/01/16 18:01:25 INFO input.FileInputFormat: Total input paths to process : 1
15/01/16 18:01:25 INFO mapreduce.JobSubmitter: number of splits:1
15/01/16 18:01:25 INFO mapreduce.JobSubmitter: Submitting tokens for job: job_local431116369_0004
15/01/16 18:01:25 WARN conf.Configuration: file:/etc/hadoop/data/temp_dir/mapred/staging/cmantas431116369/.staging/job_local431116369_0004/job.xml:an attempt to override final parameter: mapreduce.job.end-notification.max.retry.interval;  Ignoring.
15/01/16 18:01:25 WARN conf.Configuration: file:/etc/hadoop/data/temp_dir/mapred/staging/cmantas431116369/.staging/job_local431116369_0004/job.xml:an attempt to override final parameter: mapreduce.job.end-notification.max.attempts;  Ignoring.
15/01/16 18:01:25 WARN conf.Configuration: file:/etc/hadoop/data/temp_dir/mapred/local/localRunner/cmantas/job_local431116369_0004/job_local431116369_0004.xml:an attempt to override final parameter: mapreduce.job.end-notification.max.retry.interval;  Ignoring.
15/01/16 18:01:25 WARN conf.Configuration: file:/etc/hadoop/data/temp_dir/mapred/local/localRunner/cmantas/job_local431116369_0004/job_local431116369_0004.xml:an attempt to override final parameter: mapreduce.job.end-notification.max.attempts;  Ignoring.
15/01/16 18:01:25 INFO mapreduce.Job: The url to track the job: http://localhost:8080/
15/01/16 18:01:25 INFO mapreduce.Job: Running job: job_local431116369_0004
15/01/16 18:01:25 INFO mapred.LocalJobRunner: OutputCommitter set in config null
15/01/16 18:01:25 INFO mapred.LocalJobRunner: OutputCommitter is org.apache.hadoop.mapreduce.lib.output.FileOutputCommitter
15/01/16 18:01:25 INFO mapred.LocalJobRunner: Waiting for map tasks
15/01/16 18:01:25 INFO mapred.LocalJobRunner: Starting task: attempt_local431116369_0004_m_000000_0
15/01/16 18:01:25 INFO mapred.Task:  Using ResourceCalculatorProcessTree : [ ]
15/01/16 18:01:25 INFO mapred.MapTask: Processing split: hdfs://localhost:9000/tmp/my_mahout_synth/clustering_raw_output/clusteredPoints/part-m-00000:0+231417
15/01/16 18:01:25 INFO mapred.MapTask: Map output collector class = org.apache.hadoop.mapred.MapTask$MapOutputBuffer
15/01/16 18:01:25 INFO mapred.MapTask: (EQUATOR) 0 kvi 26214396(104857584)
15/01/16 18:01:25 INFO mapred.MapTask: mapreduce.task.io.sort.mb: 100
15/01/16 18:01:25 INFO mapred.MapTask: soft limit at 83886080
15/01/16 18:01:25 INFO mapred.MapTask: bufstart = 0; bufvoid = 104857600
15/01/16 18:01:25 INFO mapred.MapTask: kvstart = 26214396; length = 6553600
15/01/16 18:01:25 INFO mapred.LocalJobRunner: 
15/01/16 18:01:25 INFO mapred.MapTask: Starting flush of map output
15/01/16 18:01:25 INFO mapred.MapTask: Spilling map output
15/01/16 18:01:25 INFO mapred.MapTask: bufstart = 0; bufend = 99; bufvoid = 104857600
15/01/16 18:01:25 INFO mapred.MapTask: kvstart = 26214396(104857584); kvend = 26214388(104857552); length = 9/6553600
15/01/16 18:01:25 INFO mapred.MapTask: Finished spill 0
15/01/16 18:01:25 INFO mapred.Task: Task:attempt_local431116369_0004_m_000000_0 is done. And is in the process of committing
15/01/16 18:01:25 INFO mapred.LocalJobRunner: map
15/01/16 18:01:25 INFO mapred.Task: Task 'attempt_local431116369_0004_m_000000_0' done.
15/01/16 18:01:25 INFO mapred.LocalJobRunner: Finishing task: attempt_local431116369_0004_m_000000_0
15/01/16 18:01:25 INFO mapred.LocalJobRunner: map task executor complete.
15/01/16 18:01:25 INFO mapred.LocalJobRunner: Waiting for reduce tasks
15/01/16 18:01:25 INFO mapred.LocalJobRunner: Starting task: attempt_local431116369_0004_r_000000_0
15/01/16 18:01:25 INFO mapred.Task:  Using ResourceCalculatorProcessTree : [ ]
15/01/16 18:01:25 INFO mapred.ReduceTask: Using ShuffleConsumerPlugin: org.apache.hadoop.mapreduce.task.reduce.Shuffle@8b1e8aa
15/01/16 18:01:25 INFO reduce.MergeManagerImpl: MergerManager: memoryLimit=333971456, maxSingleShuffleLimit=83492864, mergeThreshold=220421168, ioSortFactor=10, memToMemMergeOutputsThreshold=10
15/01/16 18:01:25 INFO reduce.EventFetcher: attempt_local431116369_0004_r_000000_0 Thread started: EventFetcher for fetching Map Completion Events
15/01/16 18:01:25 INFO reduce.LocalFetcher: localfetcher#4 about to shuffle output of map attempt_local431116369_0004_m_000000_0 decomp: 107 len: 111 to MEMORY
15/01/16 18:01:25 INFO reduce.InMemoryMapOutput: Read 107 bytes from map-output for attempt_local431116369_0004_m_000000_0
15/01/16 18:01:25 INFO reduce.MergeManagerImpl: closeInMemoryFile -> map-output of size: 107, inMemoryMapOutputs.size() -> 1, commitMemory -> 0, usedMemory ->107
15/01/16 18:01:25 INFO reduce.EventFetcher: EventFetcher is interrupted.. Returning
15/01/16 18:01:25 INFO mapred.LocalJobRunner: 1 / 1 copied.
15/01/16 18:01:25 INFO reduce.MergeManagerImpl: finalMerge called with 1 in-memory map-outputs and 0 on-disk map-outputs
15/01/16 18:01:25 INFO mapred.Merger: Merging 1 sorted segments
15/01/16 18:01:25 INFO mapred.Merger: Down to the last merge-pass, with 1 segments left of total size: 101 bytes
15/01/16 18:01:25 INFO reduce.MergeManagerImpl: Merged 1 segments, 107 bytes to disk to satisfy reduce memory limit
15/01/16 18:01:25 INFO reduce.MergeManagerImpl: Merging 1 files, 111 bytes from disk
15/01/16 18:01:25 INFO reduce.MergeManagerImpl: Merging 0 segments, 0 bytes from memory into reduce
15/01/16 18:01:25 INFO mapred.Merger: Merging 1 sorted segments
15/01/16 18:01:25 INFO mapred.Merger: Down to the last merge-pass, with 1 segments left of total size: 101 bytes
15/01/16 18:01:25 INFO mapred.LocalJobRunner: 1 / 1 copied.
15/01/16 18:01:25 INFO mapred.Task: Task:attempt_local431116369_0004_r_000000_0 is done. And is in the process of committing
15/01/16 18:01:25 INFO mapred.LocalJobRunner: 1 / 1 copied.
15/01/16 18:01:25 INFO mapred.Task: Task attempt_local431116369_0004_r_000000_0 is allowed to commit now
15/01/16 18:01:25 INFO output.FileOutputCommitter: Saved output of task 'attempt_local431116369_0004_r_000000_0' to hdfs://localhost:9000/user/cmantas/tmp/representative/representativePoints-4/_temporary/0/task_local431116369_0004_r_000000
15/01/16 18:01:25 INFO mapred.LocalJobRunner: reduce > reduce
15/01/16 18:01:25 INFO mapred.Task: Task 'attempt_local431116369_0004_r_000000_0' done.
15/01/16 18:01:25 INFO mapred.LocalJobRunner: Finishing task: attempt_local431116369_0004_r_000000_0
15/01/16 18:01:25 INFO mapred.LocalJobRunner: reduce task executor complete.
15/01/16 18:01:26 INFO mapreduce.Job: Job job_local431116369_0004 running in uber mode : false
15/01/16 18:01:26 INFO mapreduce.Job:  map 100% reduce 100%
15/01/16 18:01:26 INFO mapreduce.Job: Job job_local431116369_0004 completed successfully
15/01/16 18:01:26 INFO mapreduce.Job: Counters: 38
	File System Counters
		FILE: Number of bytes read=193431130
		FILE: Number of bytes written=196868601
		FILE: Number of read operations=0
		FILE: Number of large read operations=0
		FILE: Number of write operations=0
		HDFS: Number of bytes read=2321933
		HDFS: Number of bytes written=3348
		HDFS: Number of read operations=176
		HDFS: Number of large read operations=0
		HDFS: Number of write operations=44
	Map-Reduce Framework
		Map input records=3000
		Map output records=3
		Map output bytes=99
		Map output materialized bytes=111
		Input split bytes=157
		Combine input records=0
		Combine output records=0
		Reduce input groups=3
		Reduce shuffle bytes=111
		Reduce input records=3
		Reduce output records=15
		Spilled Records=6
		Shuffled Maps =1
		Failed Shuffles=0
		Merged Map outputs=1
		GC time elapsed (ms)=0
		CPU time spent (ms)=0
		Physical memory (bytes) snapshot=0
		Virtual memory (bytes) snapshot=0
		Total committed heap usage (bytes)=824180736
	Shuffle Errors
		BAD_ID=0
		CONNECTION=0
		IO_ERROR=0
		WRONG_LENGTH=0
		WRONG_MAP=0
		WRONG_REDUCE=0
	File Input Format Counters 
		Bytes Read=231417
	File Output Format Counters 
		Bytes Written=592
15/01/16 18:01:26 INFO evaluation.RepresentativePointsDriver: Representative Points Iteration 4
15/01/16 18:01:26 INFO jvm.JvmMetrics: Cannot initialize JVM Metrics with processName=JobTracker, sessionId= - already initialized
15/01/16 18:01:26 INFO input.FileInputFormat: Total input paths to process : 1
15/01/16 18:01:26 INFO mapreduce.JobSubmitter: number of splits:1
15/01/16 18:01:26 INFO mapreduce.JobSubmitter: Submitting tokens for job: job_local422500134_0005
15/01/16 18:01:26 WARN conf.Configuration: file:/etc/hadoop/data/temp_dir/mapred/staging/cmantas422500134/.staging/job_local422500134_0005/job.xml:an attempt to override final parameter: mapreduce.job.end-notification.max.retry.interval;  Ignoring.
15/01/16 18:01:26 WARN conf.Configuration: file:/etc/hadoop/data/temp_dir/mapred/staging/cmantas422500134/.staging/job_local422500134_0005/job.xml:an attempt to override final parameter: mapreduce.job.end-notification.max.attempts;  Ignoring.
15/01/16 18:01:26 WARN conf.Configuration: file:/etc/hadoop/data/temp_dir/mapred/local/localRunner/cmantas/job_local422500134_0005/job_local422500134_0005.xml:an attempt to override final parameter: mapreduce.job.end-notification.max.retry.interval;  Ignoring.
15/01/16 18:01:26 WARN conf.Configuration: file:/etc/hadoop/data/temp_dir/mapred/local/localRunner/cmantas/job_local422500134_0005/job_local422500134_0005.xml:an attempt to override final parameter: mapreduce.job.end-notification.max.attempts;  Ignoring.
15/01/16 18:01:26 INFO mapreduce.Job: The url to track the job: http://localhost:8080/
15/01/16 18:01:26 INFO mapreduce.Job: Running job: job_local422500134_0005
15/01/16 18:01:26 INFO mapred.LocalJobRunner: OutputCommitter set in config null
15/01/16 18:01:26 INFO mapred.LocalJobRunner: OutputCommitter is org.apache.hadoop.mapreduce.lib.output.FileOutputCommitter
15/01/16 18:01:26 INFO mapred.LocalJobRunner: Waiting for map tasks
15/01/16 18:01:26 INFO mapred.LocalJobRunner: Starting task: attempt_local422500134_0005_m_000000_0
15/01/16 18:01:26 INFO mapred.Task:  Using ResourceCalculatorProcessTree : [ ]
15/01/16 18:01:26 INFO mapred.MapTask: Processing split: hdfs://localhost:9000/tmp/my_mahout_synth/clustering_raw_output/clusteredPoints/part-m-00000:0+231417
15/01/16 18:01:26 INFO mapred.MapTask: Map output collector class = org.apache.hadoop.mapred.MapTask$MapOutputBuffer
15/01/16 18:01:26 INFO mapred.MapTask: (EQUATOR) 0 kvi 26214396(104857584)
15/01/16 18:01:26 INFO mapred.MapTask: mapreduce.task.io.sort.mb: 100
15/01/16 18:01:26 INFO mapred.MapTask: soft limit at 83886080
15/01/16 18:01:26 INFO mapred.MapTask: bufstart = 0; bufvoid = 104857600
15/01/16 18:01:26 INFO mapred.MapTask: kvstart = 26214396; length = 6553600
15/01/16 18:01:26 INFO mapred.LocalJobRunner: 
15/01/16 18:01:26 INFO mapred.MapTask: Starting flush of map output
15/01/16 18:01:26 INFO mapred.MapTask: Spilling map output
15/01/16 18:01:26 INFO mapred.MapTask: bufstart = 0; bufend = 99; bufvoid = 104857600
15/01/16 18:01:26 INFO mapred.MapTask: kvstart = 26214396(104857584); kvend = 26214388(104857552); length = 9/6553600
15/01/16 18:01:26 INFO mapred.MapTask: Finished spill 0
15/01/16 18:01:26 INFO mapred.Task: Task:attempt_local422500134_0005_m_000000_0 is done. And is in the process of committing
15/01/16 18:01:26 INFO mapred.LocalJobRunner: map
15/01/16 18:01:26 INFO mapred.Task: Task 'attempt_local422500134_0005_m_000000_0' done.
15/01/16 18:01:26 INFO mapred.LocalJobRunner: Finishing task: attempt_local422500134_0005_m_000000_0
15/01/16 18:01:26 INFO mapred.LocalJobRunner: map task executor complete.
15/01/16 18:01:26 INFO mapred.LocalJobRunner: Waiting for reduce tasks
15/01/16 18:01:26 INFO mapred.LocalJobRunner: Starting task: attempt_local422500134_0005_r_000000_0
15/01/16 18:01:26 INFO mapred.Task:  Using ResourceCalculatorProcessTree : [ ]
15/01/16 18:01:26 INFO mapred.ReduceTask: Using ShuffleConsumerPlugin: org.apache.hadoop.mapreduce.task.reduce.Shuffle@419ca976
15/01/16 18:01:26 INFO reduce.MergeManagerImpl: MergerManager: memoryLimit=357092544, maxSingleShuffleLimit=89273136, mergeThreshold=235681088, ioSortFactor=10, memToMemMergeOutputsThreshold=10
15/01/16 18:01:26 INFO reduce.EventFetcher: attempt_local422500134_0005_r_000000_0 Thread started: EventFetcher for fetching Map Completion Events
15/01/16 18:01:26 INFO reduce.LocalFetcher: localfetcher#5 about to shuffle output of map attempt_local422500134_0005_m_000000_0 decomp: 107 len: 111 to MEMORY
15/01/16 18:01:26 INFO reduce.InMemoryMapOutput: Read 107 bytes from map-output for attempt_local422500134_0005_m_000000_0
15/01/16 18:01:26 INFO reduce.MergeManagerImpl: closeInMemoryFile -> map-output of size: 107, inMemoryMapOutputs.size() -> 1, commitMemory -> 0, usedMemory ->107
15/01/16 18:01:26 INFO reduce.EventFetcher: EventFetcher is interrupted.. Returning
15/01/16 18:01:26 INFO mapred.LocalJobRunner: 1 / 1 copied.
15/01/16 18:01:26 INFO reduce.MergeManagerImpl: finalMerge called with 1 in-memory map-outputs and 0 on-disk map-outputs
15/01/16 18:01:26 INFO mapred.Merger: Merging 1 sorted segments
15/01/16 18:01:26 INFO mapred.Merger: Down to the last merge-pass, with 1 segments left of total size: 101 bytes
15/01/16 18:01:26 INFO reduce.MergeManagerImpl: Merged 1 segments, 107 bytes to disk to satisfy reduce memory limit
15/01/16 18:01:26 INFO reduce.MergeManagerImpl: Merging 1 files, 111 bytes from disk
15/01/16 18:01:26 INFO reduce.MergeManagerImpl: Merging 0 segments, 0 bytes from memory into reduce
15/01/16 18:01:26 INFO mapred.Merger: Merging 1 sorted segments
15/01/16 18:01:26 INFO mapred.Merger: Down to the last merge-pass, with 1 segments left of total size: 101 bytes
15/01/16 18:01:26 INFO mapred.LocalJobRunner: 1 / 1 copied.
15/01/16 18:01:26 INFO mapred.Task: Task:attempt_local422500134_0005_r_000000_0 is done. And is in the process of committing
15/01/16 18:01:26 INFO mapred.LocalJobRunner: 1 / 1 copied.
15/01/16 18:01:26 INFO mapred.Task: Task attempt_local422500134_0005_r_000000_0 is allowed to commit now
15/01/16 18:01:26 INFO output.FileOutputCommitter: Saved output of task 'attempt_local422500134_0005_r_000000_0' to hdfs://localhost:9000/user/cmantas/tmp/representative/representativePoints-5/_temporary/0/task_local422500134_0005_r_000000
15/01/16 18:01:26 INFO mapred.LocalJobRunner: reduce > reduce
15/01/16 18:01:26 INFO mapred.Task: Task 'attempt_local422500134_0005_r_000000_0' done.
15/01/16 18:01:26 INFO mapred.LocalJobRunner: Finishing task: attempt_local422500134_0005_r_000000_0
15/01/16 18:01:26 INFO mapred.LocalJobRunner: reduce task executor complete.
15/01/16 18:01:27 INFO mapreduce.Job: Job job_local422500134_0005 running in uber mode : false
15/01/16 18:01:27 INFO mapreduce.Job:  map 100% reduce 100%
15/01/16 18:01:27 INFO mapreduce.Job: Job job_local422500134_0005 completed successfully
15/01/16 18:01:27 INFO mapreduce.Job: Counters: 38
	File System Counters
		FILE: Number of bytes read=241788976
		FILE: Number of bytes written=246083895
		FILE: Number of read operations=0
		FILE: Number of large read operations=0
		FILE: Number of write operations=0
		HDFS: Number of bytes read=2787036
		HDFS: Number of bytes written=4631
		HDFS: Number of read operations=218
		HDFS: Number of large read operations=0
		HDFS: Number of write operations=56
	Map-Reduce Framework
		Map input records=3000
		Map output records=3
		Map output bytes=99
		Map output materialized bytes=111
		Input split bytes=157
		Combine input records=0
		Combine output records=0
		Reduce input groups=3
		Reduce shuffle bytes=111
		Reduce input records=3
		Reduce output records=18
		Spilled Records=6
		Shuffled Maps =1
		Failed Shuffles=0
		Merged Map outputs=1
		GC time elapsed (ms)=0
		CPU time spent (ms)=0
		Physical memory (bytes) snapshot=0
		Virtual memory (bytes) snapshot=0
		Total committed heap usage (bytes)=1020264448
	Shuffle Errors
		BAD_ID=0
		CONNECTION=0
		IO_ERROR=0
		WRONG_LENGTH=0
		WRONG_MAP=0
		WRONG_REDUCE=0
	File Input Format Counters 
		Bytes Read=231417
	File Output Format Counters 
		Bytes Written=691
Exception in thread "main" java.lang.IllegalStateException: /tmp/my_mahout_synth/clustering_raw_output/clusters-*-final
	at org.apache.mahout.common.iterator.sequencefile.SequenceFileDirValueIterable.iterator(SequenceFileDirValueIterable.java:78)
	at org.apache.mahout.clustering.evaluation.ClusterEvaluator.loadClusters(ClusterEvaluator.java:93)
	at org.apache.mahout.clustering.evaluation.ClusterEvaluator.<init>(ClusterEvaluator.java:81)
	at org.apache.mahout.utils.clustering.ClusterDumper.printClusters(ClusterDumper.java:208)
	at org.apache.mahout.utils.clustering.ClusterDumper.run(ClusterDumper.java:157)
	at org.apache.mahout.utils.clustering.ClusterDumper.main(ClusterDumper.java:101)
	at sun.reflect.NativeMethodAccessorImpl.invoke0(Native Method)
	at sun.reflect.NativeMethodAccessorImpl.invoke(NativeMethodAccessorImpl.java:57)
	at sun.reflect.DelegatingMethodAccessorImpl.invoke(DelegatingMethodAccessorImpl.java:43)
	at java.lang.reflect.Method.invoke(Method.java:606)
	at org.apache.hadoop.util.ProgramDriver$ProgramDescription.invoke(ProgramDriver.java:72)
	at org.apache.hadoop.util.ProgramDriver.run(ProgramDriver.java:145)
	at org.apache.hadoop.util.ProgramDriver.driver(ProgramDriver.java:153)
	at org.apache.mahout.driver.MahoutDriver.main(MahoutDriver.java:195)
	at sun.reflect.NativeMethodAccessorImpl.invoke0(Native Method)
	at sun.reflect.NativeMethodAccessorImpl.invoke(NativeMethodAccessorImpl.java:57)
	at sun.reflect.DelegatingMethodAccessorImpl.invoke(DelegatingMethodAccessorImpl.java:43)
	at java.lang.reflect.Method.invoke(Method.java:606)
	at org.apache.hadoop.util.RunJar.main(RunJar.java:212)
Caused by: java.io.FileNotFoundException: File /tmp/my_mahout_synth/clustering_raw_output/clusters-*-final does not exist.
	at org.apache.hadoop.hdfs.DistributedFileSystem.listStatusInternal(DistributedFileSystem.java:647)
	at org.apache.hadoop.hdfs.DistributedFileSystem.access$600(DistributedFileSystem.java:101)
	at org.apache.hadoop.hdfs.DistributedFileSystem$14.doCall(DistributedFileSystem.java:705)
	at org.apache.hadoop.hdfs.DistributedFileSystem$14.doCall(DistributedFileSystem.java:701)
	at org.apache.hadoop.fs.FileSystemLinkResolver.resolve(FileSystemLinkResolver.java:81)
	at org.apache.hadoop.hdfs.DistributedFileSystem.listStatus(DistributedFileSystem.java:701)
	at org.apache.hadoop.fs.FileSystem.listStatus(FileSystem.java:1483)
	at org.apache.hadoop.fs.FileSystem.listStatus(FileSystem.java:1523)
	at org.apache.mahout.common.iterator.sequencefile.SequenceFileDirValueIterator.<init>(SequenceFileDirValueIterator.java:70)
	at org.apache.mahout.common.iterator.sequencefile.SequenceFileDirValueIterable.iterator(SequenceFileDirValueIterable.java:76)
	... 18 more
